<?xml version="1.0" encoding="UTF-8"?>
<!-- Generated by org.testng.reporters.JUnitReportReporter -->
<testsuite hostname="CyperMac.local" failures="0" tests="1" name="restAPI.EndToEndTest" time="0.602" errors="0" timestamp="2022-12-13T12:43:48 EET" skipped="0">
  <testcase classname="restAPI.EndToEndTest" name="test1" time="0.602"/>
  <system-out/>
</testsuite> <!-- restAPI.EndToEndTest -->
