<?xml version="1.0" encoding="UTF-8"?>
<!-- Generated by org.testng.reporters.JUnitReportReporter -->
<testsuite hostname="CyperMac.local" failures="0" tests="1" name="EndToEndTest" time="0.685" errors="0" timestamp="2022-12-13T12:20:50 EET" skipped="0">
  <testcase classname="EndToEndTest" name="test1" time="0.685"/>
  <system-out/>
</testsuite> <!-- EndToEndTest -->
